<?xml version="1.0" encoding="UTF-8"?>
<!-- Generated by org.testng.reporters.JUnitReportReporter -->
<testsuite hostname="DESKTOP-FABRSSA" failures="0" tests="1" name="a2_bingTest.A1_BingTest" time="13.930" errors="0" timestamp="2023-05-19T23:06:11 IST" skipped="0">
  <testcase classname="a2_bingTest.A1_BingTest" name="validateBing" time="13.930"/>
  <system-out/>
</testsuite> <!-- a2_bingTest.A1_BingTest -->
