<?xml version="1.0" encoding="UTF-8"?>
<!-- Generated by org.testng.reporters.JUnitReportReporter -->
<testsuite hostname="DESKTOP-FABRSSA" failures="0" tests="1" name="a1_googleTest.A1_GoogleTest" time="8.166" errors="0" timestamp="2023-05-19T23:06:11 IST" skipped="0">
  <testcase classname="a1_googleTest.A1_GoogleTest" name="validateGoogle" time="8.166"/>
  <system-out/>
</testsuite> <!-- a1_googleTest.A1_GoogleTest -->
